<?xml version="1.0" encoding="UTF-8"?>
<!-- Generated by org.testng.reporters.JUnitReportReporter -->
<testsuite hostname="LAPTOP-BBMPECM7" failures="0" tests="1" name="testCases.TC_002" time="1.667" errors="0" timestamp="2025-05-25T12:29:05 IST" skipped="0">
  <testcase classname="testCases.TC_002" name="verify_Loigin" time="1.667"/>
</testsuite> <!-- testCases.TC_002 -->
